<?xml version="1.0" encoding="UTF-8"?>
<!-- Generated by org.testng.reporters.JUnitReportReporter -->
<testsuite skipped="0" hostname="DESKTOP-FST0M8E" name="com.org.TripAdvisor.TripAdvisor_Automation.Test1" tests="1" failures="0" timestamp="06 Feb 2018 20:08:24 GMT" time="4.431" errors="0">
  <testcase name="TestCase3" time="4.431" classname="com.org.TripAdvisor.TripAdvisor_Automation.Test1"/>
</testsuite> <!-- com.org.TripAdvisor.TripAdvisor_Automation.Test1 -->
