<?xml version="1.0" encoding="UTF-8"?>
<!-- Generated by org.testng.reporters.JUnitReportReporter -->
<testsuite skipped="0" hostname="DESKTOP-FST0M8E" name="com.org.TripAdvisor.TripAdvisor_Automation.Test2" tests="1" failures="0" timestamp="07 Feb 2018 00:25:59 GMT" time="25.968" errors="0">
  <testcase name="TestCase2" time="25.968" classname="com.org.TripAdvisor.TripAdvisor_Automation.Test2"/>
</testsuite> <!-- com.org.TripAdvisor.TripAdvisor_Automation.Test2 -->
